<?xml version="1.0" encoding="UTF-8"?>
<!-- Generated by org.testng.reporters.JUnitReportReporter -->
<testsuite hostname="LAPTOP-CVSMFCBE" failures="0" tests="1" name="IDBC.Frames.HomePage" time="7.417" errors="0" timestamp="2020-09-17T20:16:52 IST" skipped="0">
  <testcase classname="IDBC.Frames.HomePage" name="basePageNavigation" time="7.417"/>
  <system-out/>
</testsuite> <!-- IDBC.Frames.HomePage -->
