<?xml version="1.0" encoding="UTF-8"?>
<!-- Generated by org.testng.reporters.JUnitReportReporter -->
<testsuite hostname="LAPTOP-CVSMFCBE" name="IDBC.Frames.Register" tests="1" failures="0" timestamp="19 Sep 2020 09:37:52 GMT" time="23.700" errors="0">
  <testcase name="registerAccount" time="23.700" classname="IDBC.Frames.Register"/>
</testsuite> <!-- IDBC.Frames.Register -->
