<?xml version="1.0" encoding="UTF-8"?>
<!-- Generated by org.testng.reporters.JUnitReportReporter -->
<testsuite hostname="LAPTOP-CVSMFCBE" name="IDBC.Frames.HomePage" tests="1" failures="0" timestamp="19 Sep 2020 09:37:52 GMT" time="10.026" errors="0">
  <testcase name="basePageNavigation" time="10.026" classname="IDBC.Frames.HomePage"/>
</testsuite> <!-- IDBC.Frames.HomePage -->
